# JRE version: Java(TM) SE Runtime Environment (8.0_241-b07) (build 1.8.0_241-b07)
# Java VM: Java HotSpot(TM) 64-Bit Server VM (25.241-b07 mixed mode windows-amd64 compressed oops)
Heap:
 PSYoungGen      total 56320K, used 10532K [0x0000000781a00000, 0x0000000786700000, 0x00000007c0000000)
  eden space 48640K, 5% used [0x0000000781a00000,0x0000000781ccd910,0x0000000784980000)
  from space 7680K, 99% used [0x0000000784980000,0x00000007850fb870,0x0000000785100000)
  to   space 7680K, 0% used [0x0000000785f80000,0x0000000785f80000,0x0000000786700000)
 ParOldGen       total 96256K, used 19052K [0x0000000704e00000, 0x000000070ac00000, 0x0000000781a00000)
  object space 96256K, 19% used [0x0000000704e00000,0x000000070609b2d8,0x000000070ac00000)
 Metaspace       used 24300K, capacity 25828K, committed 25984K, reserved 1071104K
  class space    used 3337K, capacity 3631K, committed 3712K, reserved 1048576K
GC Heap History (8 events):
Event: 2.587 GC heap before
{Heap before GC invocations=1 (full 0):
 PSYoungGen      total 56320K, used 48640K [0x0000000781a00000, 0x0000000785880000, 0x00000007c0000000)
  eden space 48640K, 100% used [0x0000000781a00000,0x0000000784980000,0x0000000784980000)
  from space 7680K, 0% used [0x0000000785100000,0x0000000785100000,0x0000000785880000)
  to   space 7680K, 0% used [0x0000000784980000,0x0000000784980000,0x0000000785100000)
 ParOldGen       total 128512K, used 0K [0x0000000704e00000, 0x000000070cb80000, 0x0000000781a00000)
  object space 128512K, 0% used [0x0000000704e00000,0x0000000704e00000,0x000000070cb80000)
 Metaspace       used 17060K, capacity 17658K, committed 17920K, reserved 1064960K
  class space    used 2324K, capacity 2500K, committed 2560K, reserved 1048576K
Event: 2.602 GC heap after
Heap after GC invocations=1 (full 0):
 PSYoungGen      total 56320K, used 7148K [0x0000000781a00000, 0x0000000785880000, 0x00000007c0000000)
  eden space 48640K, 0% used [0x0000000781a00000,0x0000000781a00000,0x0000000784980000)
  from space 7680K, 93% used [0x0000000784980000,0x000000078507b200,0x0000000785100000)
  to   space 7680K, 0% used [0x0000000785100000,0x0000000785100000,0x0000000785880000)
 ParOldGen       total 128512K, used 80K [0x0000000704e00000, 0x000000070cb80000, 0x0000000781a00000)
  object space 128512K, 0% used [0x0000000704e00000,0x0000000704e14010,0x000000070cb80000)
 Metaspace       used 17060K, capacity 17658K, committed 17920K, reserved 1064960K
  class space    used 2324K, capacity 2500K, committed 2560K, reserved 1048576K
}
Event: 4.158 GC heap before
{Heap before GC invocations=2 (full 0):
 PSYoungGen      total 56320K, used 21080K [0x0000000781a00000, 0x0000000785880000, 0x00000007c0000000)
  eden space 48640K, 28% used [0x0000000781a00000,0x000000078279af30,0x0000000784980000)
  from space 7680K, 93% used [0x0000000784980000,0x000000078507b200,0x0000000785100000)
  to   space 7680K, 0% used [0x0000000785100000,0x0000000785100000,0x0000000785880000)
 ParOldGen       total 128512K, used 80K [0x0000000704e00000, 0x000000070cb80000, 0x0000000781a00000)
  object space 128512K, 0% used [0x0000000704e00000,0x0000000704e14010,0x000000070cb80000)
 Metaspace       used 20337K, capacity 21178K, committed 21248K, reserved 1067008K
  class space    used 2851K, capacity 3062K, committed 3072K, reserved 1048576K
Event: 4.167 GC heap after
Heap after GC invocations=2 (full 0):
 PSYoungGen      total 56320K, used 7678K [0x0000000781a00000, 0x0000000785880000, 0x00000007c0000000)
  eden space 48640K, 0% used [0x0000000781a00000,0x0000000781a00000,0x0000000784980000)
  from space 7680K, 99% used [0x0000000785100000,0x000000078587f930,0x0000000785880000)
  to   space 7680K, 0% used [0x0000000784980000,0x0000000784980000,0x0000000785100000)
 ParOldGen       total 128512K, used 4935K [0x0000000704e00000, 0x000000070cb80000, 0x0000000781a00000)
  object space 128512K, 3% used [0x0000000704e00000,0x00000007052d1c90,0x000000070cb80000)
 Metaspace       used 20337K, capacity 21178K, committed 21248K, reserved 1067008K
  class space    used 2851K, capacity 3062K, committed 3072K, reserved 1048576K
}
Event: 4.167 GC heap before
{Heap before GC invocations=3 (full 1):
 PSYoungGen      total 56320K, used 7678K [0x0000000781a00000, 0x0000000785880000, 0x00000007c0000000)
  eden space 48640K, 0% used [0x0000000781a00000,0x0000000781a00000,0x0000000784980000)
  from space 7680K, 99% used [0x0000000785100000,0x000000078587f930,0x0000000785880000)
  to   space 7680K, 0% used [0x0000000784980000,0x0000000784980000,0x0000000785100000)
 ParOldGen       total 128512K, used 4935K [0x0000000704e00000, 0x000000070cb80000, 0x0000000781a00000)
  object space 128512K, 3% used [0x0000000704e00000,0x00000007052d1c90,0x000000070cb80000)
 Metaspace       used 20337K, capacity 21178K, committed 21248K, reserved 1067008K
  class space    used 2851K, capacity 3062K, committed 3072K, reserved 1048576K
Event: 4.207 GC heap after
Heap after GC invocations=3 (full 1):
 PSYoungGen      total 56320K, used 0K [0x0000000781a00000, 0x0000000785880000, 0x00000007c0000000)
  eden space 48640K, 0% used [0x0000000781a00000,0x0000000781a00000,0x0000000784980000)
  from space 7680K, 0% used [0x0000000785100000,0x0000000785100000,0x0000000785880000)
  to   space 7680K, 0% used [0x0000000784980000,0x0000000784980000,0x0000000785100000)
 ParOldGen       total 96256K, used 10459K [0x0000000704e00000, 0x000000070ac00000, 0x0000000781a00000)
  object space 96256K, 10% used [0x0000000704e00000,0x0000000705836f90,0x000000070ac00000)
 Metaspace       used 20337K, capacity 21178K, committed 21248K, reserved 1067008K
  class space    used 2851K, capacity 3062K, committed 3072K, reserved 1048576K
}
Event: 21.970 GC heap before
{Heap before GC invocations=4 (full 1):
 PSYoungGen      total 56320K, used 48640K [0x0000000781a00000, 0x0000000785880000, 0x00000007c0000000)
  eden space 48640K, 100% used [0x0000000781a00000,0x0000000784980000,0x0000000784980000)
  from space 7680K, 0% used [0x0000000785100000,0x0000000785100000,0x0000000785880000)
  to   space 7680K, 0% used [0x0000000784980000,0x0000000784980000,0x0000000785100000)
 ParOldGen       total 96256K, used 10459K [0x0000000704e00000, 0x000000070ac00000, 0x0000000781a00000)
  object space 96256K, 10% used [0x0000000704e00000,0x0000000705836f90,0x000000070ac00000)
 Metaspace       used 24236K, capacity 25764K, committed 25984K, reserved 1071104K
  class space    used 3335K, capacity 3631K, committed 3712K, reserved 1048576K
Event: 21.987 GC heap after
Heap after GC invocations=4 (full 1):
 PSYoungGen      total 56320K, used 7662K [0x0000000781a00000, 0x0000000786700000, 0x00000007c0000000)
  eden space 48640K, 0% used [0x0000000781a00000,0x0000000781a00000,0x0000000784980000)
  from space 7680K, 99% used [0x0000000784980000,0x00000007850fb870,0x0000000785100000)
  to   space 7680K, 0% used [0x0000000785f80000,0x0000000785f80000,0x0000000786700000)
 ParOldGen       total 96256K, used 19052K [0x0000000704e00000, 0x000000070ac00000, 0x0000000781a00000)
  object space 96256K, 19% used [0x0000000704e00000,0x000000070609b2d8,0x000000070ac00000)
 Metaspace       used 24236K, capacity 25764K, committed 25984K, reserved 1071104K
  class space    used 3335K, capacity 3631K, committed 3712K, reserved 1048576K
}

